<?xml version="1.0" encoding="UTF-8"?>
<testsuite xmlns:xsi="http://www.w3.org/2001/XMLSchema-instance" xsi:noNamespaceSchemaLocation="https://maven.apache.org/surefire/maven-surefire-plugin/xsd/surefire-test-report.xsd" version="3.0.2" name="com.impostor.impostor_api.ImpostorApiApplicationTests" time="2.767" tests="1" errors="0" skipped="0" failures="0">
  <properties>
[...]
</properties>
  <testcase name="contextLoads" classname="com.impostor.impostor_api.ImpostorApiApplicationTests" time="0.701">
    <system-out><![CDATA[06:24:11.029 [main] INFO org.springframework.test.context.support.AnnotationConfigContextLoaderUtils -- Could not detect default configuration classes for test class [com.impostor.impostor_api.ImpostorApiApplicationTests]: ImpostorApiApplicationTests does not declare any static, non-private, non-final, nested classes annotated with @Configuration.
06:24:11.164 [main] INFO org.springframework.boot.test.context.SpringBootTestContextBootstrapper -- Found @SpringBootConfiguration com.impostor.impostor_api.ImpostorApiApplication for test class com.impostor.impostor_api.ImpostorApiApplicationTests

  .   ____          _            __ _ _
 /\\ / ___'_ __ _ _(_)_ __  __ _ \ \ \ \
( ( )\___ | '_ | '_| | '_ \/ _` | \ \ \ \
 \\/  ___)| |_)| | | | | || (_| |  ) ) ) )
  '  |____| .__|_| |_|_| |_\__, | / / / /
 =========|_|==============|___/=/_/_/_/

 :: Spring Boot ::                (v4.0.3)

2026-02-25T06:24:11.643-05:00  INFO 3980 --- [impostor-api] [           main] c.i.i.ImpostorApiApplicationTests        : Starting ImpostorApiApplicationTests using Java 25.0.2 with PID 3980 (started by omaragr in /home/omaragr/impostor-api)
2026-02-25T06:24:11.645-05:00  INFO 3980 --- [impostor-api] [           main] c.i.i.ImpostorApiApplicationTests        : No active profile set, falling back to 1 default profile: "default"
2026-02-25T06:24:12.701-05:00  WARN 3980 --- [impostor-api] [           main] ion$DefaultTemplateResolverConfiguration : Cannot find template location: classpath:/templates/ (please add some templates, check your Thymeleaf configuration, or set spring.thymeleaf.check-template-location=false)
2026-02-25T06:24:12.865-05:00  INFO 3980 --- [impostor-api] [           main] c.i.i.ImpostorApiApplicationTests        : Started ImpostorApiApplicationTests in 1.521 seconds (process running for 3.023)
]]></system-out>
    <system-err><![CDATA[Mockito is currently self-attaching to enable the inline-mock-maker. This will no longer work in future releases of the JDK. Please add Mockito as an agent to your build as described in Mockito's documentation: https://javadoc.io/doc/org.mockito/mockito-core/latest/org.mockito/org/mockito/Mockito.html#0.3
WARNING: A Java agent has been loaded dynamically (/home/omaragr/.m2/repository/net/bytebuddy/byte-buddy-agent/1.17.8/byte-buddy-agent-1.17.8.jar)
WARNING: If a serviceability tool is in use, please run with -XX:+EnableDynamicAgentLoading to hide this warning
WARNING: If a serviceability tool is not in use, please run with -Djdk.instrument.traceUsage for more information
WARNING: Dynamic loading of agents will be disallowed by default in a future release
]]></system-err>
  </testcase>
</testsuite>